[0404/092154.951:ERROR:process_memory_win.cc(73)] ReadMemory at 0x7ff6492b0000 of 64 bytes failed: Only part of a ReadProcessMemory or WriteProcessMemory request was completed. (0x12B)
[0404/092156.731:WARNING:pe_image_reader.cc(340)] could not read dos header from C:\Program Files (x86)\Google\Chrome\Application\chrome.exe
[0404/092156.731:ERROR:process_memory_win.cc(73)] ReadMemory at 0x7ff8627c0000 of 64 bytes failed: Only part of a ReadProcessMemory or WriteProcessMemory request was completed. (0x12B)
[0404/092156.731:WARNING:pe_image_reader.cc(340)] could not read dos header from C:\Windows\SYSTEM32\ntdll.dll
[0404/092156.731:ERROR:process_memory_win.cc(73)] ReadMemory at 0x7ff861e50000 of 64 bytes failed: Only part of a ReadProcessMemory or WriteProcessMemory request was completed. (0x12B)
[0404/092157.087:WARNING:pe_image_reader.cc(340)] could not read dos header from C:\Windows\System32\KERNEL32.DLL
[0404/092157.087:ERROR:process_memory_win.cc(73)] ReadMemory at 0x7ff860420000 of 64 bytes failed: Only part of a ReadProcessMemory or WriteProcessMemory request was completed. (0x12B)
[0404/092157.087:WARNING:pe_image_reader.cc(340)] could not read dos header from C:\Windows\System32\KERNELBASE.dll
[0404/092157.087:ERROR:process_memory_win.cc(73)] ReadMemory at 0x7ff83e110000 of 64 bytes failed: Only part of a ReadProcessMemory or WriteProcessMemory request was completed. (0x12B)
[0404/092157.087:WARNING:pe_image_reader.cc(340)] could not read dos header from C:\Program Files (x86)\Google\Chrome\Application\80.0.3987.149\chrome_elf.dll
[0404/092157.087:ERROR:process_memory_win.cc(73)] ReadMemory at 0x7ff852550000 of 64 bytes failed: Only part of a ReadProcessMemory or WriteProcessMemory request was completed. (0x12B)
[0404/092157.087:WARNING:pe_image_reader.cc(340)] could not read dos header from C:\Windows\SYSTEM32\VERSION.dll
[0404/092157.087:ERROR:process_memory_win.cc(73)] ReadMemory at 0x7ff860d10000 of 64 bytes failed: Only part of a ReadProcessMemory or WriteProcessMemory request was completed. (0x12B)
[0404/092157.087:WARNING:pe_image_reader.cc(340)] could not read dos header from C:\Windows\System32\msvcrt.dll
[0404/092157.087:ERROR:process_memory_win.cc(73)] ReadMemory at 0x7ff85f7b0000 of 64 bytes failed: Only part of a ReadProcessMemory or WriteProcessMemory request was completed. (0x12B)
[0404/092157.087:WARNING:pe_image_reader.cc(340)] could not read dos header from C:\Windows\System32\bcryptPrimitives.dll
[0404/092157.087:ERROR:process_memory_win.cc(73)] ReadMemory at 0x13b9dad0000 of 64 bytes failed: Only part of a ReadProcessMemory or WriteProcessMemory request was completed. (0x12B)
[0404/092157.087:WARNING:pe_image_reader.cc(340)] could not read dos header from C:\Windows\System32\ADVAPI32.dll
[0404/092157.087:ERROR:process_memory_win.cc(73)] ReadMemory at 0x7ff861240000 of 64 bytes failed: Only part of a ReadProcessMemory or WriteProcessMemory request was completed. (0x12B)
[0404/092157.087:WARNING:pe_image_reader.cc(340)] could not read dos header from C:\Windows\System32\sechost.dll
[0404/092157.087:ERROR:process_memory_win.cc(73)] ReadMemory at 0x7ff861410000 of 64 bytes failed: Only part of a ReadProcessMemory or WriteProcessMemory request was completed. (0x12B)
[0404/092157.087:WARNING:pe_image_reader.cc(340)] could not read dos header from C:\Windows\System32\RPCRT4.dll
[0404/092157.087:ERROR:process_memory_win.cc(73)] ReadMemory at 0x7ff814590000 of 64 bytes failed: Only part of a ReadProcessMemory or WriteProcessMemory request was completed. (0x12B)
[0404/092157.087:WARNING:pe_image_reader.cc(340)] could not read dos header from C:\Program Files (x86)\Google\Chrome\Application\80.0.3987.149\chrome.dll
[0404/092157.087:ERROR:process_memory_win.cc(73)] ReadMemory at 0x7ff861d00000 of 64 bytes failed: Only part of a ReadProcessMemory or WriteProcessMemory request was completed. (0x12B)
[0404/092157.087:WARNING:pe_image_reader.cc(340)] could not read dos header from C:\Windows\System32\WS2_32.dll
[0404/092157.087:ERROR:process_memory_win.cc(73)] ReadMemory at 0x7ff861c30000 of 64 bytes failed: Only part of a ReadProcessMemory or WriteProcessMemory request was completed. (0x12B)
[0404/092157.087:WARNING:pe_image_reader.cc(340)] could not read dos header from C:\Windows\System32\OLEAUT32.dll
[0404/092157.087:ERROR:process_memory_win.cc(73)] ReadMemory at 0x7ff8606d0000 of 64 bytes failed: Only part of a ReadProcessMemory or WriteProcessMemory request was completed. (0x12B)
[0404/092157.087:WARNING:pe_image_reader.cc(340)] could not read dos header from C:\Windows\System32\msvcp_win.dll
[0404/092157.087:ERROR:process_memory_win.cc(73)] ReadMemory at 0x7ff85f8b0000 of 64 bytes failed: Only part of a ReadProcessMemory or WriteProcessMemory request was completed. (0x12B)
[0404/092157.087:WARNING:pe_image_reader.cc(340)] could not read dos header from C:\Windows\System32\ucrtbase.dll
[0404/092157.087:ERROR:process_memory_win.cc(73)] ReadMemory at 0x7ff8609d0000 of 64 bytes failed: Only part of a ReadProcessMemory or WriteProcessMemory request was completed. (0x12B)
[0404/092157.087:WARNING:pe_image_reader.cc(340)] could not read dos header from C:\Windows\System32\combase.dll
[0404/092157.087:ERROR:process_memory_win.cc(73)] ReadMemory at 0x7ff85f750000 of 64 bytes failed: Only part of a ReadProcessMemory or WriteProcessMemory request was completed. (0x12B)
[0404/092157.087:WARNING:pe_image_reader.cc(340)] could not read dos header from C:\Windows\System32\WINTRUST.dll
[0404/092157.087:ERROR:process_memory_win.cc(73)] ReadMemory at 0x7ff85f6a0000 of 64 bytes failed: Only part of a ReadProcessMemory or WriteProcessMemory request was completed. (0x12B)
[0404/092157.087:WARNING:pe_image_reader.cc(340)] could not read dos header from C:\Windows\System32\MSASN1.dll
[0404/092157.087:ERROR:process_memory_win.cc(73)] ReadMemory at 0x7ff8602d0000 of 64 bytes failed: Only part of a ReadProcessMemory or WriteProcessMemory request was completed. (0x12B)
[0404/092157.087:WARNING:pe_image_reader.cc(340)] could not read dos header from C:\Windows\System32\CRYPT32.dll
[0404/092157.087:ERROR:process_memory_win.cc(73)] ReadMemory at 0x7ff85ec10000 of 64 bytes failed: Only part of a ReadProcessMemory or WriteProcessMemory request was completed. (0x12B)
[0404/092157.087:WARNING:pe_image_reader.cc(340)] could not read dos header from C:\Windows\SYSTEM32\IPHLPAPI.DLL
[0404/092157.087:ERROR:process_memory_win.cc(73)] ReadMemory at 0x7ff85cd70000 of 64 bytes failed: Only part of a ReadProcessMemory or WriteProcessMemory request was completed. (0x12B)
[0404/092157.087:WARNING:pe_image_reader.cc(340)] could not read dos header from C:\Windows\SYSTEM32\WINMM.dll
[0404/092157.087:ERROR:process_memory_win.cc(73)] ReadMemory at 0x7ff855230000 of 64 bytes failed: Only part of a ReadProcessMemory or WriteProcessMemory request was completed. (0x12B)
[0404/092157.087:WARNING:pe_image_reader.cc(340)] could not read dos header from C:\Windows\SYSTEM32\Secur32.dll
[0404/092157.087:ERROR:process_memory_win.cc(73)] ReadMemory at 0x7ff85f5b0000 of 64 bytes failed: Only part of a ReadProcessMemory or WriteProcessMemory request was completed. (0x12B)
[0404/092157.087:WARNING:pe_image_reader.cc(340)] could not read dos header from C:\Windows\SYSTEM32\USERENV.dll
[0404/092157.087:ERROR:process_memory_win.cc(73)] ReadMemory at 0x7ff85f730000 of 64 bytes failed: Only part of a ReadProcessMemory or WriteProcessMemory request was completed. (0x12B)
[0404/092157.087:WARNING:pe_image_reader.cc(340)] could not read dos header from C:\Windows\System32\profapi.dll
[0404/092157.087:ERROR:process_memory_win.cc(73)] ReadMemory at 0x7ff8457f0000 of 64 bytes failed: Only part of a ReadProcessMemory or WriteProcessMemory request was completed. (0x12B)
[0404/092157.087:WARNING:pe_image_reader.cc(340)] could not read dos header from C:\Windows\SYSTEM32\UIAutomationCore.DLL
[0404/092157.087:ERROR:process_memory_win.cc(73)] ReadMemory at 0x7ff84fca0000 of 64 bytes failed: Only part of a ReadProcessMemory or WriteProcessMemory request was completed. (0x12B)
[0404/092157.087:WARNING:pe_image_reader.cc(340)] could not read dos header from C:\Windows\SYSTEM32\DWrite.dll
[0404/092157.087:ERROR:process_memory_win.cc(73)] ReadMemory at 0x7ff84f6c0000 of 64 bytes failed: Only part of a ReadProcessMemory or WriteProcessMemory request was completed. (0x12B)
[0404/092157.087:WARNING:pe_image_reader.cc(340)] could not read dos header from C:\Windows\SYSTEM32\WINSPOOL.DRV
[0404/092157.087:ERROR:process_memory_win.cc(73)] ReadMemory at 0x7ff85f6c0000 of 64 bytes failed: Only part of a ReadProcessMemory or WriteProcessMemory request was completed. (0x12B)
[0404/092157.087:WARNING:pe_image_reader.cc(340)] could not read dos header from C:\Windows\System32\kernel.appcore.dll
[0404/092157.087:ERROR:process_memory_win.cc(73)] ReadMemory at 0x7ff860840000 of 64 bytes failed: Only part of a ReadProcessMemory or WriteProcessMemory request was completed. (0x12B)
[0404/092157.087:WARNING:pe_image_reader.cc(340)] could not read dos header from C:\Windows\System32\bcrypt.dll
[0404/092157.087:ERROR:process_memory_win.cc(73)] ReadMemory at 0x7ff84e920000 of 64 bytes failed: Only part of a ReadProcessMemory or WriteProcessMemory request was completed. (0x12B)
[0404/092157.087:WARNING:pe_image_reader.cc(340)] could not read dos header from C:\Windows\SYSTEM32\dbghelp.dll
[0404/092157.087:ERROR:process_memory_win.cc(73)] ReadMemory at 0x7ff854660000 of 64 bytes failed: Only part of a ReadProcessMemory or WriteProcessMemory request was completed. (0x12B)
[0404/092157.087:WARNING:pe_image_reader.cc(340)] could not read dos header from C:\Windows\SYSTEM32\WINHTTP.dll
[0404/092157.087:ERROR:process_memory_win.cc(73)] ReadMemory at 0x7ff858590000 of 64 bytes failed: Only part of a ReadProcessMemory or WriteProcessMemory request was completed. (0x12B)
[0404/092157.087:WARNING:pe_image_reader.cc(340)] could not read dos header from C:\Windows\SYSTEM32\dhcpcsvc.DLL
[0404/092157.087:ERROR:process_memory_win.cc(73)] ReadMemory at 0x7ff860db0000 of 64 bytes failed: Only part of a ReadProcessMemory or WriteProcessMemory request was completed. (0x12B)
[0404/092157.087:WARNING:pe_image_reader.cc(340)] could not read dos header from C:\Windows\System32\NSI.dll
[0404/092157.087:ERROR:process_memory_win.cc(73)] ReadMemory at 0x7ff85cd40000 of 64 bytes failed: Only part of a ReadProcessMemory or WriteProcessMemory request was completed. (0x12B)
[0404/092157.087:WARNING:pe_image_reader.cc(340)] could not read dos header from C:\Windows\SYSTEM32\WINMMBASE.dll
[0404/092157.087:ERROR:process_memory_win.cc(73)] ReadMemory at 0x7ff85f860000 of 64 bytes failed: Only part of a ReadProcessMemory or WriteProcessMemory request was completed. (0x12B)
[0404/092157.087:WARNING:pe_image_reader.cc(340)] could not read dos header from C:\Windows\System32\cfgmgr32.dll
[0404/092157.087:ERROR:process_memory_win.cc(73)] ReadMemory at 0x7ff85c050000 of 64 bytes failed: Only part of a ReadProcessMemory or WriteProcessMemory request was completed. (0x12B)
[0404/092157.087:WARNING:pe_image_reader.cc(340)] could not read dos header from C:\Windows\SYSTEM32\PROPSYS.dll
[0404/092157.087:ERROR:process_memory_win.cc(73)] ReadMemory at 0x7ff861fc0000 of 64 bytes failed: Only part of a ReadProcessMemory or WriteProcessMemory request was completed. (0x12B)
[0404/092157.087:WARNING:pe_image_reader.cc(340)] could not read dos header from C:\Windows\System32\shcore.dll
[0404/092157.087:ERROR:process_memory_win.cc(73)] ReadMemory at 0x7ff85f580000 of 64 bytes failed: Only part of a ReadProcessMemory or WriteProcessMemory request was completed. (0x12B)
[0404/092157.087:WARNING:pe_image_reader.cc(340)] could not read dos header from C:\Windows\SYSTEM32\SSPICLI.DLL
[0404/092157.087:ERROR:process_memory_win.cc(73)] ReadMemory at 0x7ff85f0d0000 of 64 bytes failed: Only part of a ReadProcessMemory or WriteProcessMemory request was completed. (0x12B)
[0404/092157.087:WARNING:pe_image_reader.cc(340)] could not read dos header from C:\Windows\SYSTEM32\CRYPTBASE.DLL
[0404/092157.087:ERROR:process_memory_win.cc(73)] ReadMemory at 0x7ff6492b0000 of 64 bytes failed: Only part of a ReadProcessMemory or WriteProcessMemory request was completed. (0x12B)
[0404/092157.087:WARNING:pe_image_reader.cc(340)] could not read dos header from C:\Program Files (x86)\Google\Chrome\Application\chrome.exe
[0404/092157.087:ERROR:process_memory_win.cc(73)] ReadMemory at 0x7ff8627c0000 of 64 bytes failed: Only part of a ReadProcessMemory or WriteProcessMemory request was completed. (0x12B)
[0404/092157.087:WARNING:pe_image_reader.cc(340)] could not read dos header from C:\Windows\SYSTEM32\ntdll.dll
[0404/092157.087:ERROR:process_memory_win.cc(73)] ReadMemory at 0x7ff861e50000 of 64 bytes failed: Only part of a ReadProcessMemory or WriteProcessMemory request was completed. (0x12B)
[0404/092157.087:WARNING:pe_image_reader.cc(340)] could not read dos header from C:\Windows\System32\KERNEL32.DLL
[0404/092157.087:ERROR:process_memory_win.cc(73)] ReadMemory at 0x7ff860420000 of 64 bytes failed: Only part of a ReadProcessMemory or WriteProcessMemory request was completed. (0x12B)
[0404/092157.087:WARNING:pe_image_reader.cc(340)] could not read dos header from C:\Windows\System32\KERNELBASE.dll
[0404/092157.087:ERROR:process_memory_win.cc(73)] ReadMemory at 0x7ff83e110000 of 64 bytes failed: Only part of a ReadProcessMemory or WriteProcessMemory request was completed. (0x12B)
[0404/092157.087:WARNING:pe_image_reader.cc(340)] could not read dos header from C:\Program Files (x86)\Google\Chrome\Application\80.0.3987.149\chrome_elf.dll
[0404/092157.087:ERROR:process_memory_win.cc(73)] ReadMemory at 0x7ff852550000 of 64 bytes failed: Only part of a ReadProcessMemory or WriteProcessMemory request was completed. (0x12B)
[0404/092157.087:WARNING:pe_image_reader.cc(340)] could not read dos header from C:\Windows\SYSTEM32\VERSION.dll
[0404/092157.087:ERROR:process_memory_win.cc(73)] ReadMemory at 0x7ff860d10000 of 64 bytes failed: Only part of a ReadProcessMemory or WriteProcessMemory request was completed. (0x12B)
[0404/092157.087:WARNING:pe_image_reader.cc(340)] could not read dos header from C:\Windows\System32\msvcrt.dll
[0404/092157.087:ERROR:process_memory_win.cc(73)] ReadMemory at 0x7ff85f7b0000 of 64 bytes failed: Only part of a ReadProcessMemory or WriteProcessMemory request was completed. (0x12B)
[0404/092157.087:WARNING:pe_image_reader.cc(340)] could not read dos header from C:\Windows\System32\bcryptPrimitives.dll
[0404/092157.087:ERROR:process_memory_win.cc(73)] ReadMemory at 0x13b9dad0000 of 64 bytes failed: Only part of a ReadProcessMemory or WriteProcessMemory request was completed. (0x12B)
[0404/092157.087:WARNING:pe_image_reader.cc(340)] could not read dos header from C:\Windows\System32\ADVAPI32.dll
[0404/092157.087:ERROR:process_memory_win.cc(73)] ReadMemory at 0x7ff861240000 of 64 bytes failed: Only part of a ReadProcessMemory or WriteProcessMemory request was completed. (0x12B)
[0404/092157.087:WARNING:pe_image_reader.cc(340)] could not read dos header from C:\Windows\System32\sechost.dll
[0404/092157.087:ERROR:process_memory_win.cc(73)] ReadMemory at 0x7ff861410000 of 64 bytes failed: Only part of a ReadProcessMemory or WriteProcessMemory request was completed. (0x12B)
[0404/092157.091:WARNING:pe_image_reader.cc(340)] could not read dos header from C:\Windows\System32\RPCRT4.dll
[0404/092157.091:ERROR:process_memory_win.cc(73)] ReadMemory at 0x7ff814590000 of 64 bytes failed: Only part of a ReadProcessMemory or WriteProcessMemory request was completed. (0x12B)
[0404/092157.091:WARNING:pe_image_reader.cc(340)] could not read dos header from C:\Program Files (x86)\Google\Chrome\Application\80.0.3987.149\chrome.dll
[0404/092157.091:ERROR:process_memory_win.cc(73)] ReadMemory at 0x7ff861d00000 of 64 bytes failed: Only part of a ReadProcessMemory or WriteProcessMemory request was completed. (0x12B)
[0404/092157.091:WARNING:pe_image_reader.cc(340)] could not read dos header from C:\Windows\System32\WS2_32.dll
[0404/092157.091:ERROR:process_memory_win.cc(73)] ReadMemory at 0x7ff861c30000 of 64 bytes failed: Only part of a ReadProcessMemory or WriteProcessMemory request was completed. (0x12B)
[0404/092157.091:WARNING:pe_image_reader.cc(340)] could not read dos header from C:\Windows\System32\OLEAUT32.dll
[0404/092157.091:ERROR:process_memory_win.cc(73)] ReadMemory at 0x7ff8606d0000 of 64 bytes failed: Only part of a ReadProcessMemory or WriteProcessMemory request was completed. (0x12B)
[0404/092157.091:WARNING:pe_image_reader.cc(340)] could not read dos header from C:\Windows\System32\msvcp_win.dll
[0404/092157.091:ERROR:process_memory_win.cc(73)] ReadMemory at 0x7ff85f8b0000 of 64 bytes failed: Only part of a ReadProcessMemory or WriteProcessMemory request was completed. (0x12B)
[0404/092157.091:WARNING:pe_image_reader.cc(340)] could not read dos header from C:\Windows\System32\ucrtbase.dll
[0404/092157.091:ERROR:process_memory_win.cc(73)] ReadMemory at 0x7ff8609d0000 of 64 bytes failed: Only part of a ReadProcessMemory or WriteProcessMemory request was completed. (0x12B)
[0404/092157.091:WARNING:pe_image_reader.cc(340)] could not read dos header from C:\Windows\System32\combase.dll
[0404/092157.091:ERROR:process_memory_win.cc(73)] ReadMemory at 0x7ff85f750000 of 64 bytes failed: Only part of a ReadProcessMemory or WriteProcessMemory request was completed. (0x12B)
[0404/092157.091:WARNING:pe_image_reader.cc(340)] could not read dos header from C:\Windows\System32\WINTRUST.dll
[0404/092157.091:ERROR:process_memory_win.cc(73)] ReadMemory at 0x7ff85f6a0000 of 64 bytes failed: Only part of a ReadProcessMemory or WriteProcessMemory request was completed. (0x12B)
[0404/092157.091:WARNING:pe_image_reader.cc(340)] could not read dos header from C:\Windows\System32\MSASN1.dll
[0404/092157.091:ERROR:process_memory_win.cc(73)] ReadMemory at 0x7ff8602d0000 of 64 bytes failed: Only part of a ReadProcessMemory or WriteProcessMemory request was completed. (0x12B)
[0404/092157.091:WARNING:pe_image_reader.cc(340)] could not read dos header from C:\Windows\System32\CRYPT32.dll
[0404/092157.091:ERROR:process_memory_win.cc(73)] ReadMemory at 0x7ff85ec10000 of 64 bytes failed: Only part of a ReadProcessMemory or WriteProcessMemory request was completed. (0x12B)
[0404/092157.091:WARNING:pe_image_reader.cc(340)] could not read dos header from C:\Windows\SYSTEM32\IPHLPAPI.DLL
[0404/092157.091:ERROR:process_memory_win.cc(73)] ReadMemory at 0x7ff85cd70000 of 64 bytes failed: Only part of a ReadProcessMemory or WriteProcessMemory request was completed. (0x12B)
[0404/092157.091:WARNING:pe_image_reader.cc(340)] could not read dos header from C:\Windows\SYSTEM32\WINMM.dll
[0404/092157.091:ERROR:process_memory_win.cc(73)] ReadMemory at 0x7ff855230000 of 64 bytes failed: Only part of a ReadProcessMemory or WriteProcessMemory request was completed. (0x12B)
[0404/092157.091:WARNING:pe_image_reader.cc(340)] could not read dos header from C:\Windows\SYSTEM32\Secur32.dll
[0404/092157.091:ERROR:process_memory_win.cc(73)] ReadMemory at 0x7ff85f5b0000 of 64 bytes failed: Only part of a ReadProcessMemory or WriteProcessMemory request was completed. (0x12B)
[0404/092157.091:WARNING:pe_image_reader.cc(340)] could not read dos header from C:\Windows\SYSTEM32\USERENV.dll
[0404/092157.091:ERROR:process_memory_win.cc(73)] ReadMemory at 0x7ff85f730000 of 64 bytes failed: Only part of a ReadProcessMemory or WriteProcessMemory request was completed. (0x12B)
[0404/092157.091:WARNING:pe_image_reader.cc(340)] could not read dos header from C:\Windows\System32\profapi.dll
[0404/092157.091:ERROR:process_memory_win.cc(73)] ReadMemory at 0x7ff8457f0000 of 64 bytes failed: Only part of a ReadProcessMemory or WriteProcessMemory request was completed. (0x12B)
[0404/092157.091:WARNING:pe_image_reader.cc(340)] could not read dos header from C:\Windows\SYSTEM32\UIAutomationCore.DLL
[0404/092157.091:ERROR:process_memory_win.cc(73)] ReadMemory at 0x7ff84fca0000 of 64 bytes failed: Only part of a ReadProcessMemory or WriteProcessMemory request was completed. (0x12B)
[0404/092157.091:WARNING:pe_image_reader.cc(340)] could not read dos header from C:\Windows\SYSTEM32\DWrite.dll
[0404/092157.091:ERROR:process_memory_win.cc(73)] ReadMemory at 0x7ff84f6c0000 of 64 bytes failed: Only part of a ReadProcessMemory or WriteProcessMemory request was completed. (0x12B)
[0404/092157.091:WARNING:pe_image_reader.cc(340)] could not read dos header from C:\Windows\SYSTEM32\WINSPOOL.DRV
[0404/092157.091:ERROR:process_memory_win.cc(73)] ReadMemory at 0x7ff85f6c0000 of 64 bytes failed: Only part of a ReadProcessMemory or WriteProcessMemory request was completed. (0x12B)
[0404/092157.091:WARNING:pe_image_reader.cc(340)] could not read dos header from C:\Windows\System32\kernel.appcore.dll
[0404/092157.091:ERROR:process_memory_win.cc(73)] ReadMemory at 0x7ff860840000 of 64 bytes failed: Only part of a ReadProcessMemory or WriteProcessMemory request was completed. (0x12B)
[0404/092157.091:WARNING:pe_image_reader.cc(340)] could not read dos header from C:\Windows\System32\bcrypt.dll
[0404/092157.091:ERROR:process_memory_win.cc(73)] ReadMemory at 0x7ff84e920000 of 64 bytes failed: Only part of a ReadProcessMemory or WriteProcessMemory request was completed. (0x12B)
[0404/092157.091:WARNING:pe_image_reader.cc(340)] could not read dos header from C:\Windows\SYSTEM32\dbghelp.dll
[0404/092157.091:ERROR:process_memory_win.cc(73)] ReadMemory at 0x7ff854660000 of 64 bytes failed: Only part of a ReadProcessMemory or WriteProcessMemory request was completed. (0x12B)
[0404/092157.091:WARNING:pe_image_reader.cc(340)] could not read dos header from C:\Windows\SYSTEM32\WINHTTP.dll
[0404/092157.091:ERROR:process_memory_win.cc(73)] ReadMemory at 0x7ff858590000 of 64 bytes failed: Only part of a ReadProcessMemory or WriteProcessMemory request was completed. (0x12B)
[0404/092157.091:WARNING:pe_image_reader.cc(340)] could not read dos header from C:\Windows\SYSTEM32\dhcpcsvc.DLL
[0404/092157.091:ERROR:process_memory_win.cc(73)] ReadMemory at 0x7ff860db0000 of 64 bytes failed: Only part of a ReadProcessMemory or WriteProcessMemory request was completed. (0x12B)
[0404/092157.091:WARNING:pe_image_reader.cc(340)] could not read dos header from C:\Windows\System32\NSI.dll
[0404/092157.091:ERROR:process_memory_win.cc(73)] ReadMemory at 0x7ff85cd40000 of 64 bytes failed: Only part of a ReadProcessMemory or WriteProcessMemory request was completed. (0x12B)
[0404/092157.091:WARNING:pe_image_reader.cc(340)] could not read dos header from C:\Windows\SYSTEM32\WINMMBASE.dll
[0404/092157.091:ERROR:process_memory_win.cc(73)] ReadMemory at 0x7ff85f860000 of 64 bytes failed: Only part of a ReadProcessMemory or WriteProcessMemory request was completed. (0x12B)
[0404/092157.091:WARNING:pe_image_reader.cc(340)] could not read dos header from C:\Windows\System32\cfgmgr32.dll
[0404/092157.091:ERROR:process_memory_win.cc(73)] ReadMemory at 0x7ff85c050000 of 64 bytes failed: Only part of a ReadProcessMemory or WriteProcessMemory request was completed. (0x12B)
[0404/092157.091:WARNING:pe_image_reader.cc(340)] could not read dos header from C:\Windows\SYSTEM32\PROPSYS.dll
[0404/092157.091:ERROR:process_memory_win.cc(73)] ReadMemory at 0x7ff861fc0000 of 64 bytes failed: Only part of a ReadProcessMemory or WriteProcessMemory request was completed. (0x12B)
[0404/092157.091:WARNING:pe_image_reader.cc(340)] could not read dos header from C:\Windows\System32\shcore.dll
[0404/092157.091:ERROR:process_memory_win.cc(73)] ReadMemory at 0x7ff85f580000 of 64 bytes failed: Only part of a ReadProcessMemory or WriteProcessMemory request was completed. (0x12B)
[0404/092157.091:WARNING:pe_image_reader.cc(340)] could not read dos header from C:\Windows\SYSTEM32\SSPICLI.DLL
[0404/092157.091:ERROR:process_memory_win.cc(73)] ReadMemory at 0x7ff85f0d0000 of 64 bytes failed: Only part of a ReadProcessMemory or WriteProcessMemory request was completed. (0x12B)
[0404/092157.091:WARNING:pe_image_reader.cc(340)] could not read dos header from C:\Windows\SYSTEM32\CRYPTBASE.DLL
[0404/092157.654:ERROR:process_memory_win.cc(73)] ReadMemory at 0x301abf1000 of 61440 bytes failed: Only part of a ReadProcessMemory or WriteProcessMemory request was completed. (0x12B)
[0404/092157.974:ERROR:process_memory_win.cc(73)] ReadMemory at 0x301b3fd000 of 12288 bytes failed: Only part of a ReadProcessMemory or WriteProcessMemory request was completed. (0x12B)
[0404/092157.974:ERROR:process_memory_win.cc(73)] ReadMemory at 0x301c3fd000 of 12288 bytes failed: Only part of a ReadProcessMemory or WriteProcessMemory request was completed. (0x12B)
[0404/092157.974:ERROR:process_memory_win.cc(73)] ReadMemory at 0x301cbfc000 of 16384 bytes failed: Only part of a ReadProcessMemory or WriteProcessMemory request was completed. (0x12B)
[0404/092157.974:ERROR:process_memory_win.cc(73)] ReadMemory at 0x301d3fe000 of 8192 bytes failed: Only part of a ReadProcessMemory or WriteProcessMemory request was completed. (0x12B)
[0404/092157.974:ERROR:process_memory_win.cc(73)] ReadMemory at 0x301dbfc000 of 16384 bytes failed: Only part of a ReadProcessMemory or WriteProcessMemory request was completed. (0x12B)
[0404/092157.974:ERROR:process_memory_win.cc(73)] ReadMemory at 0x301e3fb000 of 20480 bytes failed: Only part of a ReadProcessMemory or WriteProcessMemory request was completed. (0x12B)
[0404/092157.974:ERROR:process_memory_win.cc(73)] ReadMemory at 0x301f3fd000 of 12288 bytes failed: Only part of a ReadProcessMemory or WriteProcessMemory request was completed. (0x12B)
[0404/092157.974:ERROR:process_memory_win.cc(73)] ReadMemory at 0x301fbfc000 of 16384 bytes failed: Only part of a ReadProcessMemory or WriteProcessMemory request was completed. (0x12B)
[0404/092157.974:ERROR:process_memory_win.cc(73)] ReadMemory at 0x30203fc000 of 16384 bytes failed: Only part of a ReadProcessMemory or WriteProcessMemory request was completed. (0x12B)
[0404/092157.974:ERROR:process_memory_win.cc(73)] ReadMemory at 0x3020bfd000 of 12288 bytes failed: Only part of a ReadProcessMemory or WriteProcessMemory request was completed. (0x12B)
[0404/092157.974:ERROR:process_memory_win.cc(73)] ReadMemory at 0x301bbfd000 of 12288 bytes failed: Only part of a ReadProcessMemory or WriteProcessMemory request was completed. (0x12B)
[0404/092157.974:ERROR:process_memory_win.cc(73)] ReadMemory at 0x30213f6000 of 40960 bytes failed: Only part of a ReadProcessMemory or WriteProcessMemory request was completed. (0x12B)
[0404/092157.974:ERROR:process_memory_win.cc(73)] ReadMemory at 0x301ebfe000 of 8192 bytes failed: Only part of a ReadProcessMemory or WriteProcessMemory request was completed. (0x12B)
[0404/092158.446:ERROR:process_memory_win.cc(73)] ReadMemory at 0x301a240000 of 852 bytes failed: Only part of a ReadProcessMemory or WriteProcessMemory request was completed. (0x12B)
[0404/092200.558:ERROR:process_memory_win.cc(73)] ReadMemory at 0x301a241000 of 6024 bytes failed: Only part of a ReadProcessMemory or WriteProcessMemory request was completed. (0x12B)
[0404/092201.937:ERROR:process_memory_win.cc(73)] ReadMemory at 0x301a243000 of 6024 bytes failed: Only part of a ReadProcessMemory or WriteProcessMemory request was completed. (0x12B)
[0404/092201.937:ERROR:process_memory_win.cc(73)] ReadMemory at 0x301a247000 of 6024 bytes failed: Only part of a ReadProcessMemory or WriteProcessMemory request was completed. (0x12B)
[0404/092202.085:ERROR:process_memory_win.cc(73)] ReadMemory at 0x301a249000 of 6024 bytes failed: Only part of a ReadProcessMemory or WriteProcessMemory request was completed. (0x12B)
[0404/092202.085:ERROR:process_memory_win.cc(73)] ReadMemory at 0x301a24b000 of 6024 bytes failed: Only part of a ReadProcessMemory or WriteProcessMemory request was completed. (0x12B)
[0404/092202.085:ERROR:process_memory_win.cc(73)] ReadMemory at 0x301a24d000 of 6024 bytes failed: Only part of a ReadProcessMemory or WriteProcessMemory request was completed. (0x12B)
[0404/092202.085:ERROR:process_memory_win.cc(73)] ReadMemory at 0x301a24f000 of 6024 bytes failed: Only part of a ReadProcessMemory or WriteProcessMemory request was completed. (0x12B)
[0404/092202.085:ERROR:process_memory_win.cc(73)] ReadMemory at 0x301a253000 of 6024 bytes failed: Only part of a ReadProcessMemory or WriteProcessMemory request was completed. (0x12B)
[0404/092202.085:ERROR:process_memory_win.cc(73)] ReadMemory at 0x301a255000 of 6024 bytes failed: Only part of a ReadProcessMemory or WriteProcessMemory request was completed. (0x12B)
[0404/092202.085:ERROR:process_memory_win.cc(73)] ReadMemory at 0x301a257000 of 6024 bytes failed: Only part of a ReadProcessMemory or WriteProcessMemory request was completed. (0x12B)
[0404/092202.085:ERROR:process_memory_win.cc(73)] ReadMemory at 0x301a259000 of 6024 bytes failed: Only part of a ReadProcessMemory or WriteProcessMemory request was completed. (0x12B)
[0404/092202.085:ERROR:process_memory_win.cc(73)] ReadMemory at 0x301a25f000 of 6024 bytes failed: Only part of a ReadProcessMemory or WriteProcessMemory request was completed. (0x12B)
[0404/092202.085:ERROR:process_memory_win.cc(73)] ReadMemory at 0x301a27b000 of 6024 bytes failed: Only part of a ReadProcessMemory or WriteProcessMemory request was completed. (0x12B)
[0404/092202.085:ERROR:process_memory_win.cc(73)] ReadMemory at 0x301a281000 of 6024 bytes failed: Only part of a ReadProcessMemory or WriteProcessMemory request was completed. (0x12B)
[0404/092202.085:ERROR:process_memory_win.cc(73)] ReadMemory at 0x13b9d880750 of 80 bytes failed: Only part of a ReadProcessMemory or WriteProcessMemory request was completed. (0x12B)
[0404/092206.072:ERROR:process_memory_win.cc(73)] ReadMemory at 0x13b9d880fe0 of 16412 bytes failed: Only part of a ReadProcessMemory or WriteProcessMemory request was completed. (0x12B)
[0404/092214.246:ERROR:process_memory_win.cc(73)] ReadMemory at 0x13b9d885010 of 1012 bytes failed: Only part of a ReadProcessMemory or WriteProcessMemory request was completed. (0x12B)
[0404/092217.740:ERROR:process_memory_win.cc(73)] ReadMemory at 0x13b9d885658 of 118 bytes failed: Only part of a ReadProcessMemory or WriteProcessMemory request was completed. (0x12B)
[0404/092217.740:ERROR:process_memory_win.cc(73)] ReadMemory at 0x13b9d8856d0 of 754 bytes failed: Only part of a ReadProcessMemory or WriteProcessMemory request was completed. (0x12B)
[0404/092217.740:ERROR:process_memory_win.cc(73)] ReadMemory at 0x13b9d8859c4 of 118 bytes failed: Only part of a ReadProcessMemory or WriteProcessMemory request was completed. (0x12B)
[0404/092217.740:ERROR:process_memory_win.cc(73)] ReadMemory at 0x13b9d885a3c of 98 bytes failed: Only part of a ReadProcessMemory or WriteProcessMemory request was completed. (0x12B)
[0404/092218.212:ERROR:process_memory_win.cc(73)] ReadMemory at 0x13b9d885ab0 of 58 bytes failed: Only part of a ReadProcessMemory or WriteProcessMemory request was completed. (0x12B)
[0404/092218.212:ERROR:process_memory_win.cc(73)] ReadMemory at 0x13b9d885bb0 of 132 bytes failed: Only part of a ReadProcessMemory or WriteProcessMemory request was completed. (0x12B)
[0404/092218.772:ERROR:process_memory_win.cc(73)] ReadMemory at 0x13b9d885d40 of 132 bytes failed: Only part of a ReadProcessMemory or WriteProcessMemory request was completed. (0x12B)
[0404/092218.772:ERROR:process_memory_win.cc(73)] ReadMemory at 0x13b9d885f00 of 126 bytes failed: Only part of a ReadProcessMemory or WriteProcessMemory request was completed. (0x12B)
[0404/092219.036:ERROR:process_memory_win.cc(73)] ReadMemory at 0x13b9d8862e0 of 132 bytes failed: Only part of a ReadProcessMemory or WriteProcessMemory request was completed. (0x12B)
[0404/092219.876:ERROR:process_memory_win.cc(73)] ReadMemory at 0x13b9d886470 of 64 bytes failed: Only part of a ReadProcessMemory or WriteProcessMemory request was completed. (0x12B)
[0404/092219.876:ERROR:process_memory_win.cc(73)] ReadMemory at 0x13b9d886630 of 132 bytes failed: Only part of a ReadProcessMemory or WriteProcessMemory request was completed. (0x12B)
[0404/092219.876:ERROR:process_memory_win.cc(73)] ReadMemory at 0x13b9d8868d0 of 132 bytes failed: Only part of a ReadProcessMemory or WriteProcessMemory request was completed. (0x12B)
[0404/092219.876:ERROR:process_memory_win.cc(73)] ReadMemory at 0x13b9d886a60 of 68 bytes failed: Only part of a ReadProcessMemory or WriteProcessMemory request was completed. (0x12B)
[0404/092219.876:ERROR:process_memory_win.cc(73)] ReadMemory at 0x13b9d887b30 of 132 bytes failed: Only part of a ReadProcessMemory or WriteProcessMemory request was completed. (0x12B)
[0404/092219.876:ERROR:process_memory_win.cc(73)] ReadMemory at 0x13b9d887cc0 of 154 bytes failed: Only part of a ReadProcessMemory or WriteProcessMemory request was completed. (0x12B)
[0404/092224.782:ERROR:process_memory_win.cc(73)] ReadMemory at 0x13b9d8890a0 of 132 bytes failed: Only part of a ReadProcessMemory or WriteProcessMemory request was completed. (0x12B)
[0404/092224.782:ERROR:process_memory_win.cc(73)] ReadMemory at 0x13b9d889be0 of 62 bytes failed: Only part of a ReadProcessMemory or WriteProcessMemory request was completed. (0x12B)
[0404/092224.782:ERROR:process_memory_win.cc(73)] ReadMemory at 0x13b9d889c60 of 146 bytes failed: Only part of a ReadProcessMemory or WriteProcessMemory request was completed. (0x12B)
[0404/092224.782:ERROR:process_memory_win.cc(73)] ReadMemory at 0x13b9d889d40 of 132 bytes failed: Only part of a ReadProcessMemory or WriteProcessMemory request was completed. (0x12B)
[0404/092224.782:ERROR:process_memory_win.cc(73)] ReadMemory at 0x13b9d889ed0 of 60 bytes failed: Only part of a ReadProcessMemory or WriteProcessMemory request was completed. (0x12B)
[0404/092225.414:ERROR:process_memory_win.cc(73)] ReadMemory at 0x13b9d88a1c0 of 132 bytes failed: Only part of a ReadProcessMemory or WriteProcessMemory request was completed. (0x12B)
[0404/092225.418:ERROR:process_memory_win.cc(73)] ReadMemory at 0x13b9d88a3d0 of 132 bytes failed: Only part of a ReadProcessMemory or WriteProcessMemory request was completed. (0x12B)
[0404/092225.418:ERROR:process_memory_win.cc(73)] ReadMemory at 0x13b9d88a640 of 512 bytes failed: Only part of a ReadProcessMemory or WriteProcessMemory request was completed. (0x12B)
[0404/092225.418:ERROR:process_memory_win.cc(73)] ReadMemory at 0x13b9d88aa70 of 132 bytes failed: Only part of a ReadProcessMemory or WriteProcessMemory request was completed. (0x12B)
[0404/092225.418:ERROR:process_memory_win.cc(73)] ReadMemory at 0x13b9d88d970 of 62 bytes failed: Only part of a ReadProcessMemory or WriteProcessMemory request was completed. (0x12B)
[0404/092225.418:ERROR:process_memory_win.cc(73)] ReadMemory at 0x13b9d88d9c0 of 64 bytes failed: Only part of a ReadProcessMemory or WriteProcessMemory request was completed. (0x12B)
[0404/092225.418:ERROR:process_memory_win.cc(73)] ReadMemory at 0x13b9d88da10 of 60 bytes failed: Only part of a ReadProcessMemory or WriteProcessMemory request was completed. (0x12B)
[0404/092225.418:ERROR:process_memory_win.cc(73)] ReadMemory at 0x13b9d88dd30 of 60 bytes failed: Only part of a ReadProcessMemory or WriteProcessMemory request was completed. (0x12B)
[0404/092225.418:ERROR:process_memory_win.cc(73)] ReadMemory at 0x13b9d88dec0 of 64 bytes failed: Only part of a ReadProcessMemory or WriteProcessMemory request was completed. (0x12B)
[0404/092225.418:ERROR:process_memory_win.cc(73)] ReadMemory at 0x13b9d88df10 of 66 bytes failed: Only part of a ReadProcessMemory or WriteProcessMemory request was completed. (0x12B)
[0404/092225.418:ERROR:process_memory_win.cc(73)] ReadMemory at 0x13b9d88df60 of 62 bytes failed: Only part of a ReadProcessMemory or WriteProcessMemory request was completed. (0x12B)
[0404/092225.418:ERROR:process_memory_win.cc(73)] ReadMemory at 0x13b9d88dfb0 of 64 bytes failed: Only part of a ReadProcessMemory or WriteProcessMemory request was completed. (0x12B)
[0404/092225.418:ERROR:process_memory_win.cc(73)] ReadMemory at 0x13b9d88e050 of 64 bytes failed: Only part of a ReadProcessMemory or WriteProcessMemory request was completed. (0x12B)
[0404/092225.418:ERROR:process_memory_win.cc(73)] ReadMemory at 0x13b9d88e180 of 132 bytes failed: Only part of a ReadProcessMemory or WriteProcessMemory request was completed. (0x12B)
[0404/092225.418:ERROR:process_memory_win.cc(73)] ReadMemory at 0x13b9d88e2b0 of 132 bytes failed: Only part of a ReadProcessMemory or WriteProcessMemory request was completed. (0x12B)
[0404/092225.418:ERROR:process_memory_win.cc(73)] ReadMemory at 0x13b9d88e510 of 132 bytes failed: Only part of a ReadProcessMemory or WriteProcessMemory request was completed. (0x12B)
[0404/092225.418:ERROR:process_memory_win.cc(73)] ReadMemory at 0x13b9d88e770 of 132 bytes failed: Only part of a ReadProcessMemory or WriteProcessMemory request was completed. (0x12B)
[0404/092225.418:ERROR:process_memory_win.cc(73)] ReadMemory at 0x13b9d88e8a0 of 132 bytes failed: Only part of a ReadProcessMemory or WriteProcessMemory request was completed. (0x12B)
[0404/092225.422:ERROR:process_memory_win.cc(73)] ReadMemory at 0x13b9d88e9d0 of 132 bytes failed: Only part of a ReadProcessMemory or WriteProcessMemory request was completed. (0x12B)
[0404/092225.422:ERROR:process_memory_win.cc(73)] ReadMemory at 0x13b9d88eb00 of 132 bytes failed: Only part of a ReadProcessMemory or WriteProcessMemory request was completed. (0x12B)
[0404/092225.422:ERROR:process_memory_win.cc(73)] ReadMemory at 0x13b9d88ec30 of 132 bytes failed: Only part of a ReadProcessMemory or WriteProcessMemory request was completed. (0x12B)
[0404/092225.422:ERROR:process_memory_win.cc(73)] ReadMemory at 0x13b9d88ed60 of 132 bytes failed: Only part of a ReadProcessMemory or WriteProcessMemory request was completed. (0x12B)
[0404/092225.422:ERROR:process_memory_win.cc(73)] ReadMemory at 0x13b9d88ee90 of 132 bytes failed: Only part of a ReadProcessMemory or WriteProcessMemory request was completed. (0x12B)
[0404/092225.422:ERROR:process_memory_win.cc(73)] ReadMemory at 0x13b9d88f0f0 of 132 bytes failed: Only part of a ReadProcessMemory or WriteProcessMemory request was completed. (0x12B)
[0404/092225.422:ERROR:process_memory_win.cc(73)] ReadMemory at 0x13b9d88f5b0 of 132 bytes failed: Only part of a ReadProcessMemory or WriteProcessMemory request was completed. (0x12B)
[0404/092225.422:ERROR:process_memory_win.cc(73)] ReadMemory at 0x13b9d88f6e0 of 132 bytes failed: Only part of a ReadProcessMemory or WriteProcessMemory request was completed. (0x12B)
[0404/092225.934:ERROR:process_memory_win.cc(73)] ReadMemory at 0x13b9d88f810 of 132 bytes failed: Only part of a ReadProcessMemory or WriteProcessMemory request was completed. (0x12B)
[0404/092226.142:ERROR:process_memory_win.cc(73)] ReadMemory at 0x13b9d88fa70 of 132 bytes failed: Only part of a ReadProcessMemory or WriteProcessMemory request was completed. (0x12B)
[0404/092226.254:ERROR:process_memory_win.cc(73)] ReadMemory at 0x13b9d88fcd0 of 132 bytes failed: Only part of a ReadProcessMemory or WriteProcessMemory request was completed. (0x12B)
[0404/092226.254:ERROR:process_memory_win.cc(73)] ReadMemory at 0x13b9d88ff30 of 132 bytes failed: Only part of a ReadProcessMemory or WriteProcessMemory request was completed. (0x12B)
[0404/092226.254:ERROR:process_memory_win.cc(73)] ReadMemory at 0x13b9d8900c0 of 512 bytes failed: Only part of a ReadProcessMemory or WriteProcessMemory request was completed. (0x12B)
[0404/092226.918:ERROR:process_memory_win.cc(73)] ReadMemory at 0x13b9d8916b0 of 132 bytes failed: Only part of a ReadProcessMemory or WriteProcessMemory request was completed. (0x12B)
[0404/092226.918:ERROR:process_memory_win.cc(73)] ReadMemory at 0x13b9d891c90 of 132 bytes failed: Only part of a ReadProcessMemory or WriteProcessMemory request was completed. (0x12B)
[0404/092226.918:ERROR:process_memory_win.cc(73)] ReadMemory at 0x13b9d891ef0 of 132 bytes failed: Only part of a ReadProcessMemory or WriteProcessMemory request was completed. (0x12B)
[0404/092227.022:ERROR:process_memory_win.cc(73)] ReadMemory at 0x13b9d892020 of 132 bytes failed: Only part of a ReadProcessMemory or WriteProcessMemory request was completed. (0x12B)
[0404/092227.022:ERROR:process_memory_win.cc(73)] ReadMemory at 0x13b9d892150 of 132 bytes failed: Only part of a ReadProcessMemory or WriteProcessMemory request was completed. (0x12B)
[0404/092227.022:ERROR:process_memory_win.cc(73)] ReadMemory at 0x13b9d892280 of 132 bytes failed: Only part of a ReadProcessMemory or WriteProcessMemory request was completed. (0x12B)
[0404/092227.022:ERROR:process_memory_win.cc(73)] ReadMemory at 0x13b9d8937f0 of 80 bytes failed: Only part of a ReadProcessMemory or WriteProcessMemory request was completed. (0x12B)
[0404/092227.022:ERROR:process_memory_win.cc(73)] ReadMemory at 0x13b9d893c10 of 76 bytes failed: Only part of a ReadProcessMemory or WriteProcessMemory request was completed. (0x12B)
[0404/092227.022:ERROR:process_memory_win.cc(73)] ReadMemory at 0x13b9d895310 of 132 bytes failed: Only part of a ReadProcessMemory or WriteProcessMemory request was completed. (0x12B)
[0404/092227.270:ERROR:process_memory_win.cc(73)] ReadMemory at 0x13b9d895bf0 of 132 bytes failed: Only part of a ReadProcessMemory or WriteProcessMemory request was completed. (0x12B)
[0404/092227.270:ERROR:process_memory_win.cc(73)] ReadMemory at 0x13b9d895e10 of 132 bytes failed: Only part of a ReadProcessMemory or WriteProcessMemory request was completed. (0x12B)
[0404/092227.270:ERROR:process_memory_win.cc(73)] ReadMemory at 0x13b9d896be0 of 54 bytes failed: Only part of a ReadProcessMemory or WriteProcessMemory request was completed. (0x12B)
[0404/092227.270:ERROR:process_memory_win.cc(73)] ReadMemory at 0x13b9d899d60 of 132 bytes failed: Only part of a ReadProcessMemory or WriteProcessMemory request was completed. (0x12B)
[0404/092227.270:ERROR:process_memory_win.cc(73)] ReadMemory at 0x13b9d899e90 of 132 bytes failed: Only part of a ReadProcessMemory or WriteProcessMemory request was completed. (0x12B)
[0404/092227.270:ERROR:process_memory_win.cc(73)] ReadMemory at 0x13b9d89a110 of 60 bytes failed: Only part of a ReadProcessMemory or WriteProcessMemory request was completed. (0x12B)
[0404/092227.270:ERROR:process_memory_win.cc(73)] ReadMemory at 0x13b9d89a520 of 66 bytes failed: Only part of a ReadProcessMemory or WriteProcessMemory request was completed. (0x12B)
[0404/092227.270:ERROR:process_memory_win.cc(73)] ReadMemory at 0x13b9d89a570 of 62 bytes failed: Only part of a ReadProcessMemory or WriteProcessMemory request was completed. (0x12B)
[0404/092227.582:ERROR:process_memory_win.cc(73)] ReadMemory at 0x13b9d89a6b0 of 62 bytes failed: Only part of a ReadProcessMemory or WriteProcessMemory request was completed. (0x12B)
[0404/092227.582:ERROR:process_memory_win.cc(73)] ReadMemory at 0x13b9d89a7a0 of 62 bytes failed: Only part of a ReadProcessMemory or WriteProcessMemory request was completed. (0x12B)
[0404/092227.582:ERROR:process_memory_win.cc(73)] ReadMemory at 0x13b9d89a9d0 of 60 bytes failed: Only part of a ReadProcessMemory or WriteProcessMemory request was completed. (0x12B)
[0404/092227.582:ERROR:process_memory_win.cc(73)] ReadMemory at 0x13b9d89aa70 of 64 bytes failed: Only part of a ReadProcessMemory or WriteProcessMemory request was completed. (0x12B)
[0404/092227.582:ERROR:process_memory_win.cc(73)] ReadMemory at 0x13b9d89aac0 of 62 bytes failed: Only part of a ReadProcessMemory or WriteProcessMemory request was completed. (0x12B)
[0404/092227.582:ERROR:process_memory_win.cc(73)] ReadMemory at 0x13b9d89ab10 of 64 bytes failed: Only part of a ReadProcessMemory or WriteProcessMemory request was completed. (0x12B)
[0404/092227.582:ERROR:process_memory_win.cc(73)] ReadMemory at 0x13b9d89abb0 of 62 bytes failed: Only part of a ReadProcessMemory or WriteProcessMemory request was completed. (0x12B)
[0404/092227.582:ERROR:process_memory_win.cc(73)] ReadMemory at 0x13b9d89ac00 of 64 bytes failed: Only part of a ReadProcessMemory or WriteProcessMemory request was completed. (0x12B)
[0404/092227.582:ERROR:process_memory_win.cc(73)] ReadMemory at 0x13b9d89ac50 of 64 bytes failed: Only part of a ReadProcessMemory or WriteProcessMemory request was completed. (0x12B)
[0404/092227.582:ERROR:process_memory_win.cc(73)] ReadMemory at 0x13b9d89aca0 of 60 bytes failed: Only part of a ReadProcessMemory or WriteProcessMemory request was completed. (0x12B)
[0404/092227.586:ERROR:process_memory_win.cc(73)] ReadMemory at 0x13b9d89acf0 of 62 bytes failed: Only part of a ReadProcessMemory or WriteProcessMemory request was completed. (0x12B)
[0404/092227.586:ERROR:process_memory_win.cc(73)] ReadMemory at 0x13b9d89ad90 of 62 bytes failed: Only part of a ReadProcessMemory or WriteProcessMemory request was completed. (0x12B)
[0404/092227.586:ERROR:process_memory_win.cc(73)] ReadMemory at 0x13b9d89ade0 of 58 bytes failed: Only part of a ReadProcessMemory or WriteProcessMemory request was completed. (0x12B)
[0404/092227.586:ERROR:process_memory_win.cc(73)] ReadMemory at 0x13b9d89ae30 of 60 bytes failed: Only part of a ReadProcessMemory or WriteProcessMemory request was completed. (0x12B)
[0404/092227.997:ERROR:process_memory_win.cc(73)] ReadMemory at 0x13b9d89af70 of 62 bytes failed: Only part of a ReadProcessMemory or WriteProcessMemory request was completed. (0x12B)
[0404/092227.997:ERROR:process_memory_win.cc(73)] ReadMemory at 0x13b9dca3108 of 512 bytes failed: Only part of a ReadProcessMemory or WriteProcessMemory request was completed. (0x12B)
[0404/092227.997:ERROR:process_memory_win.cc(73)] ReadMemory at 0x13b9dca51b0 of 512 bytes failed: Only part of a ReadProcessMemory or WriteProcessMemory request was completed. (0x12B)
[0404/092227.997:ERROR:process_memory_win.cc(73)] ReadMemory at 0x13b9dca61f0 of 512 bytes failed: Only part of a ReadProcessMemory or WriteProcessMemory request was completed. (0x12B)
[0404/092227.997:ERROR:process_memory_win.cc(73)] ReadMemory at 0x13b9dca9b00 of 512 bytes failed: Only part of a ReadProcessMemory or WriteProcessMemory request was completed. (0x12B)
[0404/092227.997:ERROR:process_memory_win.cc(73)] ReadMemory at 0x13b9dcc9930 of 712 bytes failed: Only part of a ReadProcessMemory or WriteProcessMemory request was completed. (0x12B)
[0404/092227.997:ERROR:process_memory_win.cc(73)] ReadMemory at 0x13b9dd5d030 of 512 bytes failed: Only part of a ReadProcessMemory or WriteProcessMemory request was completed. (0x12B)
[0404/092227.997:ERROR:process_memory_win.cc(73)] ReadMemory at 0x13b9fac0000 of 384 bytes failed: Only part of a ReadProcessMemory or WriteProcessMemory request was completed. (0x12B)
[0404/092227.997:ERROR:process_memory_win.cc(73)] ReadMemory at 0x13b9faf1f60 of 512 bytes failed: Only part of a ReadProcessMemory or WriteProcessMemory request was completed. (0x12B)
[0404/092227.997:ERROR:process_memory_win.cc(73)] ReadMemory at 0x13b9fb17d08 of 512 bytes failed: Only part of a ReadProcessMemory or WriteProcessMemory request was completed. (0x12B)
[0404/092227.997:ERROR:process_memory_win.cc(73)] ReadMemory at 0x13b9fb18068 of 512 bytes failed: Only part of a ReadProcessMemory or WriteProcessMemory request was completed. (0x12B)
[0404/092227.997:ERROR:process_memory_win.cc(73)] ReadMemory at 0x13b9fb194a8 of 512 bytes failed: Only part of a ReadProcessMemory or WriteProcessMemory request was completed. (0x12B)
[0404/092227.997:ERROR:process_memory_win.cc(73)] ReadMemory at 0x13b9fb1cb10 of 512 bytes failed: Only part of a ReadProcessMemory or WriteProcessMemory request was completed. (0x12B)
[0404/092227.997:ERROR:process_memory_win.cc(73)] ReadMemory at 0x13b9fbae960 of 512 bytes failed: Only part of a ReadProcessMemory or WriteProcessMemory request was completed. (0x12B)
[0404/092227.997:ERROR:process_memory_win.cc(73)] ReadMemory at 0x13b9fc29350 of 512 bytes failed: Only part of a ReadProcessMemory or WriteProcessMemory request was completed. (0x12B)
[0404/092227.997:ERROR:process_memory_win.cc(73)] ReadMemory at 0x13b9fc3ccb0 of 512 bytes failed: Only part of a ReadProcessMemory or WriteProcessMemory request was completed. (0x12B)
[0404/092227.997:ERROR:process_memory_win.cc(73)] ReadMemory at 0x13b9fc53b78 of 512 bytes failed: Only part of a ReadProcessMemory or WriteProcessMemory request was completed. (0x12B)
[0404/092227.997:ERROR:process_memory_win.cc(73)] ReadMemory at 0x13b9fc94360 of 512 bytes failed: Only part of a ReadProcessMemory or WriteProcessMemory request was completed. (0x12B)
[0404/092227.997:ERROR:process_memory_win.cc(73)] ReadMemory at 0x13ba380c458 of 512 bytes failed: Only part of a ReadProcessMemory or WriteProcessMemory request was completed. (0x12B)
[0404/092227.997:ERROR:process_memory_win.cc(73)] ReadMemory at 0x4031678bd9c0 of 512 bytes failed: Only part of a ReadProcessMemory or WriteProcessMemory request was completed. (0x12B)
[0404/092227.997:ERROR:process_memory_win.cc(73)] ReadMemory at 0x4031678bdfc0 of 512 bytes failed: Only part of a ReadProcessMemory or WriteProcessMemory request was completed. (0x12B)
[0404/092228.001:ERROR:process_memory_win.cc(73)] ReadMemory at 0x500e1046c978 of 512 bytes failed: Only part of a ReadProcessMemory or WriteProcessMemory request was completed. (0x12B)
[0404/092228.037:ERROR:process_memory_win.cc(73)] ReadMemory at 0x78830f269c40 of 512 bytes failed: Only part of a ReadProcessMemory or WriteProcessMemory request was completed. (0x12B)
[0404/092228.037:ERROR:process_memory_win.cc(73)] ReadMemory at 0x7ff8160ae640 of 512 bytes failed: Only part of a ReadProcessMemory or WriteProcessMemory request was completed. (0x12B)
[0404/092228.037:ERROR:process_memory_win.cc(73)] ReadMemory at 0x7ff816751616 of 512 bytes failed: Only part of a ReadProcessMemory or WriteProcessMemory request was completed. (0x12B)
[0404/092228.037:ERROR:process_memory_win.cc(73)] ReadMemory at 0x7ff81a95dfbc of 512 bytes failed: Only part of a ReadProcessMemory or WriteProcessMemory request was completed. (0x12B)
[0404/092228.037:ERROR:process_memory_win.cc(73)] ReadMemory at 0x7ff83e137a8d of 512 bytes failed: Only part of a ReadProcessMemory or WriteProcessMemory request was completed. (0x12B)
[0404/092228.037:ERROR:process_memory_win.cc(73)] ReadMemory at 0x7ff83e138285 of 512 bytes failed: Only part of a ReadProcessMemory or WriteProcessMemory request was completed. (0x12B)
[0404/092228.037:ERROR:process_memory_win.cc(73)] ReadMemory at 0x7ff86285c0c4 of 672 bytes failed: Only part of a ReadProcessMemory or WriteProcessMemory request was completed. (0x12B)
[0404/092228.037:ERROR:process_memory_win.cc(73)] ReadMemory at 0x7ff86285f974 of 608 bytes failed: Only part of a ReadProcessMemory or WriteProcessMemory request was completed. (0x12B)
[0404/092228.037:ERROR:process_memory_win.cc(73)] ReadMemory at 0x7ff8628ec428 of 18 bytes failed: Only part of a ReadProcessMemory or WriteProcessMemory request was completed. (0x12B)
[0404/092228.037:ERROR:process_memory_win.cc(73)] ReadMemory at 0x7ff86291f4f8 of 40 bytes failed: Only part of a ReadProcessMemory or WriteProcessMemory request was completed. (0x12B)
[0404/092228.037:ERROR:process_memory_win.cc(73)] ReadMemory at 0x7ff86291f978 of 48 bytes failed: Only part of a ReadProcessMemory or WriteProcessMemory request was completed. (0x12B)
[0404/092228.037:ERROR:process_memory_win.cc(73)] ReadMemory at 0x7ff8629253c0 of 64 bytes failed: Only part of a ReadProcessMemory or WriteProcessMemory request was completed. (0x12B)
[0404/092228.037:ERROR:scoped_process_suspend.cc(40)] NtResumeProcess: An attempt was made to access an exiting process. (0xc000010a)
[0718/193501.861:ERROR:http_transport_win.cc(276)] WinHttpSendRequest: The operation completed successfully. (0x0)
[0726/032213.962:ERROR:file_io.cc(134)] WriteFile: The pipe is being closed. (0xE8)
